<?xml version="1.0" encoding="UTF-8"?>
<!-- Generated by org.testng.reporters.JUnitReportReporter -->
<testsuite hostname="Sarah" failures="0" tests="1" name="TestRunner.TestRunner_class" time="9.676" errors="0" timestamp="2022-10-20T22:43:33 EDT" skipped="0">
  <testcase classname="TestRunner.TestRunner_class" name="feature" time="9.676"/>
  <system-out/>
</testsuite> <!-- TestRunner.TestRunner_class -->
